# JRE version: OpenJDK Runtime Environment (8.0_152-b01) (build 1.8.0_152-release-1024-b01)
# Java VM: OpenJDK 64-Bit Server VM (25.152-b01 mixed mode linux-amd64 compressed oops)
Heap:
 PSYoungGen      total 463360K, used 450315K [0x00000000e0000000, 0x0000000100000000, 0x0000000100000000)
  eden space 438272K, 100% used [0x00000000e0000000,0x00000000fac00000,0x00000000fac00000)
  from space 25088K, 48% used [0x00000000fac00000,0x00000000fb7c2ca0,0x00000000fc480000)
  to   space 24064K, 9% used [0x00000000fe880000,0x00000000fead25f0,0x0000000100000000)
 ParOldGen       total 75776K, used 51627K [0x00000000a0000000, 0x00000000a4a00000, 0x00000000e0000000)
  object space 75776K, 68% used [0x00000000a0000000,0x00000000a326ad90,0x00000000a4a00000)
 Metaspace       used 84706K, capacity 89698K, committed 89856K, reserved 1128448K
  class space    used 10840K, capacity 11746K, committed 11776K, reserved 1048576K
GC Heap History (10 events):
Event: 70.381 GC heap after
Heap after GC invocations=12 (full 2):
 PSYoungGen      total 336384K, used 11662K [0x00000000e0000000, 0x00000000f5f00000, 0x0000000100000000)
  eden space 313344K, 0% used [0x00000000e0000000,0x00000000e0000000,0x00000000f3200000)
  from space 23040K, 50% used [0x00000000f4800000,0x00000000f5363ab8,0x00000000f5e80000)
  to   space 22528K, 0% used [0x00000000f3200000,0x00000000f3200000,0x00000000f4800000)
 ParOldGen       total 47616K, used 36477K [0x00000000a0000000, 0x00000000a2e80000, 0x00000000e0000000)
  object space 47616K, 76% used [0x00000000a0000000,0x00000000a239f7f8,0x00000000a2e80000)
 Metaspace       used 57137K, capacity 58964K, committed 59028K, reserved 1099776K
  class space    used 7725K, capacity 8159K, committed 8192K, reserved 1048576K
}
Event: 70.675 GC heap before
{Heap before GC invocations=13 (full 3):
 PSYoungGen      total 336384K, used 11662K [0x00000000e0000000, 0x00000000f5f00000, 0x0000000100000000)
  eden space 313344K, 0% used [0x00000000e0000000,0x00000000e0000000,0x00000000f3200000)
  from space 23040K, 50% used [0x00000000f4800000,0x00000000f5363ab8,0x00000000f5e80000)
  to   space 22528K, 0% used [0x00000000f3200000,0x00000000f3200000,0x00000000f4800000)
 ParOldGen       total 47616K, used 36477K [0x00000000a0000000, 0x00000000a2e80000, 0x00000000e0000000)
  object space 47616K, 76% used [0x00000000a0000000,0x00000000a239f7f8,0x00000000a2e80000)
 Metaspace       used 57137K, capacity 58964K, committed 59028K, reserved 1099776K
  class space    used 7725K, capacity 8159K, committed 8192K, reserved 1048576K
Event: 70.999 GC heap after
Heap after GC invocations=13 (full 3):
 PSYoungGen      total 336384K, used 0K [0x00000000e0000000, 0x00000000f5f00000, 0x0000000100000000)
  eden space 313344K, 0% used [0x00000000e0000000,0x00000000e0000000,0x00000000f3200000)
  from space 23040K, 0% used [0x00000000f4800000,0x00000000f4800000,0x00000000f5e80000)
  to   space 22528K, 0% used [0x00000000f3200000,0x00000000f3200000,0x00000000f4800000)
 ParOldGen       total 75776K, used 40107K [0x00000000a0000000, 0x00000000a4a00000, 0x00000000e0000000)
  object space 75776K, 52% used [0x00000000a0000000,0x00000000a272ade8,0x00000000a4a00000)
 Metaspace       used 57137K, capacity 58964K, committed 59028K, reserved 1099776K
  class space    used 7725K, capacity 8159K, committed 8192K, reserved 1048576K
}
Event: 960.430 GC heap before
{Heap before GC invocations=14 (full 3):
 PSYoungGen      total 336384K, used 313344K [0x00000000e0000000, 0x00000000f5f00000, 0x0000000100000000)
  eden space 313344K, 100% used [0x00000000e0000000,0x00000000f3200000,0x00000000f3200000)
  from space 23040K, 0% used [0x00000000f4800000,0x00000000f4800000,0x00000000f5e80000)
  to   space 22528K, 0% used [0x00000000f3200000,0x00000000f3200000,0x00000000f4800000)
 ParOldGen       total 75776K, used 40107K [0x00000000a0000000, 0x00000000a4a00000, 0x00000000e0000000)
  object space 75776K, 52% used [0x00000000a0000000,0x00000000a272ade8,0x00000000a4a00000)
 Metaspace       used 74578K, capacity 77966K, committed 78080K, reserved 1116160K
  class space    used 9958K, capacity 10671K, committed 10752K, reserved 1048576K
Event: 970.139 GC heap after
Heap after GC invocations=14 (full 3):
 PSYoungGen      total 335872K, used 22499K [0x00000000e0000000, 0x00000000fe500000, 0x0000000100000000)
  eden space 313344K, 0% used [0x00000000e0000000,0x00000000e0000000,0x00000000f3200000)
  from space 22528K, 99% used [0x00000000f3200000,0x00000000f47f8de0,0x00000000f4800000)
  to   space 26112K, 0% used [0x00000000fcb80000,0x00000000fcb80000,0x00000000fe500000)
 ParOldGen       total 75776K, used 40328K [0x00000000a0000000, 0x00000000a4a00000, 0x00000000e0000000)
  object space 75776K, 53% used [0x00000000a0000000,0x00000000a27623c8,0x00000000a4a00000)
 Metaspace       used 74578K, capacity 77966K, committed 78080K, reserved 1116160K
  class space    used 9958K, capacity 10671K, committed 10752K, reserved 1048576K
}
Event: 1905.736 GC heap before
{Heap before GC invocations=15 (full 3):
 PSYoungGen      total 335872K, used 335843K [0x00000000e0000000, 0x00000000fe500000, 0x0000000100000000)
  eden space 313344K, 100% used [0x00000000e0000000,0x00000000f3200000,0x00000000f3200000)
  from space 22528K, 99% used [0x00000000f3200000,0x00000000f47f8de0,0x00000000f4800000)
  to   space 26112K, 0% used [0x00000000fcb80000,0x00000000fcb80000,0x00000000fe500000)
 ParOldGen       total 75776K, used 40328K [0x00000000a0000000, 0x00000000a4a00000, 0x00000000e0000000)
  object space 75776K, 53% used [0x00000000a0000000,0x00000000a27623c8,0x00000000a4a00000)
 Metaspace       used 78776K, capacity 82556K, committed 82816K, reserved 1120256K
  class space    used 10287K, capacity 11027K, committed 11136K, reserved 1048576K
Event: 1912.485 GC heap after
Heap after GC invocations=15 (full 3):
 PSYoungGen      total 456192K, used 8916K [0x00000000e0000000, 0x00000000fdd00000, 0x0000000100000000)
  eden space 438272K, 0% used [0x00000000e0000000,0x00000000e0000000,0x00000000fac00000)
  from space 17920K, 49% used [0x00000000fcb80000,0x00000000fd4351d8,0x00000000fdd00000)
  to   space 25088K, 0% used [0x00000000fac00000,0x00000000fac00000,0x00000000fc480000)
 ParOldGen       total 75776K, used 50115K [0x00000000a0000000, 0x00000000a4a00000, 0x00000000e0000000)
  object space 75776K, 66% used [0x00000000a0000000,0x00000000a30f0d48,0x00000000a4a00000)
 Metaspace       used 78776K, capacity 82556K, committed 82816K, reserved 1120256K
  class space    used 10287K, capacity 11027K, committed 11136K, reserved 1048576K
}
Event: 3070.499 GC heap before
{Heap before GC invocations=16 (full 3):
 PSYoungGen      total 456192K, used 447188K [0x00000000e0000000, 0x00000000fdd00000, 0x0000000100000000)
  eden space 438272K, 100% used [0x00000000e0000000,0x00000000fac00000,0x00000000fac00000)
  from space 17920K, 49% used [0x00000000fcb80000,0x00000000fd4351d8,0x00000000fdd00000)
  to   space 25088K, 0% used [0x00000000fac00000,0x00000000fac00000,0x00000000fc480000)
 ParOldGen       total 75776K, used 50115K [0x00000000a0000000, 0x00000000a4a00000, 0x00000000e0000000)
  object space 75776K, 66% used [0x00000000a0000000,0x00000000a30f0d48,0x00000000a4a00000)
 Metaspace       used 80795K, capacity 85474K, committed 85632K, reserved 1124352K
  class space    used 10431K, capacity 11290K, committed 11392K, reserved 1048576K
Event: 3082.842 GC heap after
Heap after GC invocations=16 (full 3):
 PSYoungGen      total 463360K, used 12043K [0x00000000e0000000, 0x0000000100000000, 0x0000000100000000)
  eden space 438272K, 0% used [0x00000000e0000000,0x00000000e0000000,0x00000000fac00000)
  from space 25088K, 48% used [0x00000000fac00000,0x00000000fb7c2ca0,0x00000000fc480000)
  to   space 24064K, 0% used [0x00000000fe880000,0x00000000fe880000,0x0000000100000000)
 ParOldGen       total 75776K, used 51131K [0x00000000a0000000, 0x00000000a4a00000, 0x00000000e0000000)
  object space 75776K, 67% used [0x00000000a0000000,0x00000000a31eed90,0x00000000a4a00000)
 Metaspace       used 80795K, capacity 85474K, committed 85632K, reserved 1124352K
  class space    used 10431K, capacity 11290K, committed 11392K, reserved 1048576K
}
Event: 8287.761 GC heap before
{Heap before GC invocations=17 (full 3):
 PSYoungGen      total 463360K, used 450315K [0x00000000e0000000, 0x0000000100000000, 0x0000000100000000)
  eden space 438272K, 100% used [0x00000000e0000000,0x00000000fac00000,0x00000000fac00000)
  from space 25088K, 48% used [0x00000000fac00000,0x00000000fb7c2ca0,0x00000000fc480000)
  to   space 24064K, 0% used [0x00000000fe880000,0x00000000fe880000,0x0000000100000000)
 ParOldGen       total 75776K, used 51131K [0x00000000a0000000, 0x00000000a4a00000, 0x00000000e0000000)
  object space 75776K, 67% used [0x00000000a0000000,0x00000000a31eed90,0x00000000a4a00000)
 Metaspace       used 84706K, capacity 89698K, committed 89856K, reserved 1128448K
  class space    used 10840K, capacity 11746K, committed 11776K, reserved 1048576K

